# JRE version: OpenJDK Runtime Environment Temurin-21.0.11+10 (21.0.11+10) (build 21.0.11+10-LTS)
# Java VM: OpenJDK 64-Bit Server VM Temurin-21.0.11+10 (21.0.11+10-LTS, mixed mode, sharing, tiered, compressed oops, compressed class ptrs, g1 gc, windows-amd64)
GC Precious Log:
 CardTable entry size: 512
 Card Set container configuration: InlinePtr #cards 5 size 8 Array Of Cards #cards 12 size 40 Howl #buckets 4 coarsen threshold 1843 Howl Bitmap #cards 512 size 80 coarsen threshold 460 Card regions per heap region 1 cards per card region 2048
 CPUs: 12 total, 12 available
 Memory: 7597M
 Large Page Support: Disabled
 NUMA Support: Disabled
 Compressed Oops: Enabled (32-bit)
 Heap Region Size: 1M
 Heap Min Capacity: 8M
 Heap Initial Capacity: 120M
 Heap Max Capacity: 2G
 Pre-touch: Disabled
 Parallel Workers: 10
 Concurrent Workers: 3
 Concurrent Refinement Workers: 10
 Periodic GC: Disabled
Heap:
 garbage-first heap   total 89088K, used 77896K [0x0000000080000000, 0x0000000100000000)
  region size 1024K, 43 young (44032K), 2 survivors (2048K)
 Metaspace       used 46147K, committed 47808K, reserved 491520K
  class space    used 6667K, committed 7488K, reserved 425984K
GC Heap History (20 events):
Event: 0.994 GC heap before
{Heap before GC invocations=0 (full 0):
 garbage-first heap   total 122880K, used 23552K [0x0000000080000000, 0x0000000100000000)
  region size 1024K, 23 young (23552K), 0 survivors (0K)
 Metaspace       used 931K, committed 1088K, reserved 491520K
  class space    used 73K, committed 128K, reserved 425984K
}
Event: 1.008 GC heap after
{Heap after GC invocations=1 (full 0):
 garbage-first heap   total 122880K, used 1504K [0x0000000080000000, 0x0000000100000000)
  region size 1024K, 2 young (2048K), 2 survivors (2048K)
 Metaspace       used 931K, committed 1088K, reserved 491520K
  class space    used 73K, committed 128K, reserved 425984K
}
Event: 5.200 GC heap before
{Heap before GC invocations=1 (full 0):
 garbage-first heap   total 122880K, used 39392K [0x0000000080000000, 0x0000000100000000)
  region size 1024K, 37 young (37888K), 2 survivors (2048K)
 Metaspace       used 4392K, committed 4544K, reserved 491520K
  class space    used 559K, committed 640K, reserved 425984K
}
Event: 5.214 GC heap after
{Heap after GC invocations=2 (full 0):
 garbage-first heap   total 122880K, used 10659K [0x0000000080000000, 0x0000000100000000)
  region size 1024K, 5 young (5120K), 5 survivors (5120K)
 Metaspace       used 4392K, committed 4544K, reserved 491520K
  class space    used 559K, committed 640K, reserved 425984K
}
Event: 7.586 GC heap before
{Heap before GC invocations=2 (full 0):
 garbage-first heap   total 122880K, used 61859K [0x0000000080000000, 0x0000000100000000)
  region size 1024K, 53 young (54272K), 5 survivors (5120K)
 Metaspace       used 5082K, committed 5248K, reserved 491520K
  class space    used 674K, committed 768K, reserved 425984K
}
Event: 7.603 GC heap after
{Heap after GC invocations=3 (full 0):
 garbage-first heap   total 122880K, used 17191K [0x0000000080000000, 0x0000000100000000)
  region size 1024K, 5 young (5120K), 5 survivors (5120K)
 Metaspace       used 5082K, committed 5248K, reserved 491520K
  class space    used 674K, committed 768K, reserved 425984K
}
Event: 20.793 GC heap before
{Heap before GC invocations=3 (full 0):
 garbage-first heap   total 122880K, used 85799K [0x0000000080000000, 0x0000000100000000)
  region size 1024K, 72 young (73728K), 5 survivors (5120K)
 Metaspace       used 17625K, committed 18112K, reserved 491520K
  class space    used 2515K, committed 2752K, reserved 425984K
}
Event: 20.816 GC heap after
{Heap after GC invocations=4 (full 0):
 garbage-first heap   total 122880K, used 22236K [0x0000000080000000, 0x0000000100000000)
  region size 1024K, 9 young (9216K), 9 survivors (9216K)
 Metaspace       used 17625K, committed 18112K, reserved 491520K
  class space    used 2515K, committed 2752K, reserved 425984K
}
Event: 25.713 GC heap before
{Heap before GC invocations=4 (full 0):
 garbage-first heap   total 122880K, used 47836K [0x0000000080000000, 0x0000000100000000)
  region size 1024K, 35 young (35840K), 9 survivors (9216K)
 Metaspace       used 20873K, committed 21504K, reserved 491520K
  class space    used 3080K, committed 3392K, reserved 425984K
}
Event: 25.738 GC heap after
{Heap after GC invocations=5 (full 0):
 garbage-first heap   total 122880K, used 25006K [0x0000000080000000, 0x0000000100000000)
  region size 1024K, 3 young (3072K), 3 survivors (3072K)
 Metaspace       used 20873K, committed 21504K, reserved 491520K
  class space    used 3080K, committed 3392K, reserved 425984K
}
Event: 37.372 GC heap before
{Heap before GC invocations=6 (full 0):
 garbage-first heap   total 89088K, used 75182K [0x0000000080000000, 0x0000000100000000)
  region size 1024K, 52 young (53248K), 3 survivors (3072K)
 Metaspace       used 27719K, committed 28736K, reserved 491520K
  class space    used 4143K, committed 4608K, reserved 425984K
}
Event: 37.391 GC heap after
{Heap after GC invocations=7 (full 0):
 garbage-first heap   total 89088K, used 27513K [0x0000000080000000, 0x0000000100000000)
  region size 1024K, 5 young (5120K), 5 survivors (5120K)
 Metaspace       used 27719K, committed 28736K, reserved 491520K
  class space    used 4143K, committed 4608K, reserved 425984K
}
Event: 48.183 GC heap before
{Heap before GC invocations=7 (full 0):
 garbage-first heap   total 89088K, used 72569K [0x0000000080000000, 0x0000000100000000)
  region size 1024K, 50 young (51200K), 5 survivors (5120K)
 Metaspace       used 33515K, committed 34560K, reserved 491520K
  class space    used 4809K, committed 5312K, reserved 425984K
}
Event: 48.193 GC heap after
{Heap after GC invocations=8 (full 0):
 garbage-first heap   total 89088K, used 32216K [0x0000000080000000, 0x0000000100000000)
  region size 1024K, 7 young (7168K), 7 survivors (7168K)
 Metaspace       used 33515K, committed 34560K, reserved 491520K
  class space    used 4809K, committed 5312K, reserved 425984K
}
Event: 50.207 GC heap before
{Heap before GC invocations=8 (full 0):
 garbage-first heap   total 89088K, used 45528K [0x0000000080000000, 0x0000000100000000)
  region size 1024K, 21 young (21504K), 7 survivors (7168K)
 Metaspace       used 34928K, committed 35968K, reserved 491520K
  class space    used 5047K, committed 5568K, reserved 425984K
}
Event: 50.216 GC heap after
{Heap after GC invocations=9 (full 0):
 garbage-first heap   total 89088K, used 33217K [0x0000000080000000, 0x0000000100000000)
  region size 1024K, 2 young (2048K), 2 survivors (2048K)
 Metaspace       used 34928K, committed 35968K, reserved 491520K
  class space    used 5047K, committed 5568K, reserved 425984K
}
Event: 57.486 GC heap before
{Heap before GC invocations=10 (full 0):
 garbage-first heap   total 89088K, used 80321K [0x0000000080000000, 0x0000000100000000)
  region size 1024K, 43 young (44032K), 2 survivors (2048K)
 Metaspace       used 39577K, committed 40960K, reserved 491520K
  class space    used 5708K, committed 6400K, reserved 425984K
}
Event: 57.494 GC heap after
{Heap after GC invocations=11 (full 0):
 garbage-first heap   total 89088K, used 36104K [0x0000000080000000, 0x0000000100000000)
  region size 1024K, 5 young (5120K), 5 survivors (5120K)
 Metaspace       used 39577K, committed 40960K, reserved 491520K
  class space    used 5708K, committed 6400K, reserved 425984K
}
Event: 60.375 GC heap before
{Heap before GC invocations=11 (full 0):
 garbage-first heap   total 89088K, used 77064K [0x0000000080000000, 0x0000000100000000)
  region size 1024K, 44 young (45056K), 5 survivors (5120K)
 Metaspace       used 42657K, committed 44224K, reserved 491520K
  class space    used 6083K, committed 6848K, reserved 425984K
}
Event: 60.382 GC heap after
{Heap after GC invocations=12 (full 0):
 garbage-first heap   total 89088K, used 36936K [0x0000000080000000, 0x0000000100000000)
  region size 1024K, 2 young (2048K), 2 survivors (2048K)
 Metaspace       used 42657K, committed 44224K, reserved 491520K
  class space    used 6083K, committed 6848K, reserved 425984K
}

